  Building 'DPCTest1' with toolset 'WindowsKernelModeDriver10.0' and the 'Desktop' target platform.
  MyDriver.c
d:\driverexercises\dpctest1\dpctest1\mydriver.c(15): error C2220: 警告被视为错误 - 没有生成“object”文件
d:\driverexercises\dpctest1\dpctest1\mydriver.c(15): warning C4100: “pDevObj”: 未引用的形参
d:\driverexercises\dpctest1\dpctest1\mydriver.c(23): warning C4100: “pDevObj”: 未引用的形参
d:\driverexercises\dpctest1\dpctest1\mydriver.c(31): warning C4100: “pDevObj”: 未引用的形参
d:\driverexercises\dpctest1\dpctest1\mydriver.c(114): warning C4100: “pRegistryString”: 未引用的形参
  Utils.c
d:\driverexercises\dpctest1\dpctest1\utils.c(11): error C2220: 警告被视为错误 - 没有生成“object”文件
d:\driverexercises\dpctest1\dpctest1\utils.c(11): warning C4305: “类型强制转换”: 从“ULONGLONG”到“PKLDR_DATA_TABLE_ENTRY”截断
d:\driverexercises\dpctest1\dpctest1\utils.c(14): warning C4305: “类型强制转换”: 从“ULONGLONG”到“PKLDR_DATA_TABLE_ENTRY”截断
d:\driverexercises\dpctest1\dpctest1\utils.c(8): warning C4101: “OldIrql”: 未引用的局部变量
d:\driverexercises\dpctest1\dpctest1\utils.c(7): warning C4189: “pDrvBase”: 局部变量已初始化但不引用
  正在生成代码...
